<?xml version="1.0" encoding="UTF-8"?>
<!-- Generated by org.testng.reporters.JUnitReportReporter -->
<testsuite hostname="Prabu" name="testScripts.TestMulitplesheetsDP" tests="1" failures="0" timestamp="21 May 2016 13:56:45 GMT" time="0.015" errors="0">
  <testcase name="booksearch_EndtoEnd1" time="0.015" classname="testScripts.TestMulitplesheetsDP"/>
</testsuite> <!-- testScripts.TestMulitplesheetsDP -->
